<?xml version="1.0" encoding="UTF-8"?>
<testng-results skipped="0" failed="0" ignored="0" total="1" passed="1">
  <reporter-output>
  </reporter-output>
  <suite name="Default suite" duration-ms="6093" started-at="2017-03-21T02:27:25Z" finished-at="2017-03-21T02:27:31Z">
    <groups>
    </groups>
    <test name="Default test" duration-ms="6093" started-at="2017-03-21T02:27:25Z" finished-at="2017-03-21T02:27:31Z">
      <class name="CreateRepo">
        <test-method status="PASS" signature="setUp()[pri:0, instance:CreateRepo@3bfdc050]" name="setUp" is-config="true" duration-ms="1333" started-at="2017-03-20T19:27:25Z" finished-at="2017-03-20T19:27:27Z">
          <reporter-output>
          </reporter-output>
        </test-method> <!-- setUp -->
        <test-method status="PASS" signature="testGit()[pri:0, instance:CreateRepo@3bfdc050]" name="testGit" duration-ms="4662" started-at="2017-03-20T19:27:27Z" finished-at="2017-03-20T19:27:31Z">
          <reporter-output>
          </reporter-output>
        </test-method> <!-- testGit -->
        <test-method status="PASS" signature="tearDown()[pri:0, instance:CreateRepo@3bfdc050]" name="tearDown" is-config="true" duration-ms="81" started-at="2017-03-20T19:27:31Z" finished-at="2017-03-20T19:27:31Z">
          <reporter-output>
          </reporter-output>
        </test-method> <!-- tearDown -->
      </class> <!-- CreateRepo -->
    </test> <!-- Default test -->
  </suite> <!-- Default suite -->
</testng-results>
